<?xml version="1.0" encoding="utf-8"?><testsuites name="pytest tests"><testsuite name="pytest" errors="0" failures="0" skipped="0" tests="7" time="9.894" timestamp="2026-05-11T11:44:32.199212+00:00" hostname="agent-env-36f5a1ec-afdd-4c4b-9d2f-ed6f2ed1a49e"><testcase classname="backend.tests.test_career_analyzer" name="test_root" time="0.268" /><testcase classname="backend.tests.test_career_analyzer" name="test_analyze_resume_text" time="0.173" /><testcase classname="backend.tests.test_career_analyzer" name="test_analyze_resume_txt_upload" time="0.204" /><testcase classname="backend.tests.test_career_analyzer" name="test_analyze_resume_empty" time="0.143" /><testcase classname="backend.tests.test_career_analyzer" name="test_get_questions" time="6.602" /><testcase classname="backend.tests.test_career_analyzer" name="test_evaluate_answer" time="2.271" /><testcase classname="backend.tests.test_career_analyzer" name="test_evaluate_empty_answer" time="0.136" /></testsuite></testsuites>